[2023-03-22T20:00:04.942+0000] {taskinstance.py:1083} INFO - Dependencies all met for <TaskInstance: my_sample_dag.run_this_first manual__2023-03-22T20:00:03.698872+00:00 [queued]>
[2023-03-22T20:00:04.951+0000] {taskinstance.py:1083} INFO - Dependencies all met for <TaskInstance: my_sample_dag.run_this_first manual__2023-03-22T20:00:03.698872+00:00 [queued]>
[2023-03-22T20:00:04.951+0000] {taskinstance.py:1279} INFO - 
--------------------------------------------------------------------------------
[2023-03-22T20:00:04.951+0000] {taskinstance.py:1280} INFO - Starting attempt 1 of 1
[2023-03-22T20:00:04.951+0000] {taskinstance.py:1281} INFO - 
--------------------------------------------------------------------------------
[2023-03-22T20:00:04.967+0000] {taskinstance.py:1300} INFO - Executing <Task(PythonOperator): run_this_first> on 2023-03-22 20:00:03.698872+00:00
[2023-03-22T20:00:04.973+0000] {standard_task_runner.py:55} INFO - Started process 503 to run task
[2023-03-22T20:00:04.975+0000] {standard_task_runner.py:82} INFO - Running: ['***', 'tasks', 'run', 'my_sample_dag', 'run_this_first', 'manual__2023-03-22T20:00:03.698872+00:00', '--job-id', '5', '--raw', '--subdir', 'DAGS_FOLDER/my_test_dag.py', '--cfg-path', '/tmp/tmp_tsei8pr']
[2023-03-22T20:00:04.975+0000] {standard_task_runner.py:83} INFO - Job 5: Subtask run_this_first
[2023-03-22T20:00:05.031+0000] {task_command.py:388} INFO - Running <TaskInstance: my_sample_dag.run_this_first manual__2023-03-22T20:00:03.698872+00:00 [running]> on host 5c0018ad245e
[2023-03-22T20:00:05.100+0000] {taskinstance.py:1509} INFO - Exporting the following env vars:
AIRFLOW_CTX_DAG_OWNER=pipis
AIRFLOW_CTX_DAG_ID=my_sample_dag
AIRFLOW_CTX_TASK_ID=run_this_first
AIRFLOW_CTX_EXECUTION_DATE=2023-03-22T20:00:03.698872+00:00
AIRFLOW_CTX_TRY_NUMBER=1
AIRFLOW_CTX_DAG_RUN_ID=manual__2023-03-22T20:00:03.698872+00:00
[2023-03-22T20:00:05.101+0000] {logging_mixin.py:137} INFO - I am coming first
[2023-03-22T20:00:05.313+0000] {logging_mixin.py:137} WARNING - WARNING: pip is being invoked by an old script wrapper. This will fail in a future version of pip.
Please see https://github.com/pypa/pip/issues/5599 for advice on fixing the underlying issue.
To avoid this problem you can invoke Python with '-m pip' instead of running pip directly.
[2023-03-22T20:00:06.052+0000] {logging_mixin.py:137} INFO - Package                                  Version
[2023-03-22T20:00:06.054+0000] {logging_mixin.py:137} INFO - ---------------------------------------- -----------
[2023-03-22T20:00:06.055+0000] {logging_mixin.py:137} INFO - adal                                     1.2.7
[2023-03-22T20:00:06.056+0000] {logging_mixin.py:137} INFO - aiofiles                                 22.1.0
[2023-03-22T20:00:06.057+0000] {logging_mixin.py:137} INFO - aiohttp                                  3.8.3
[2023-03-22T20:00:06.058+0000] {logging_mixin.py:137} INFO - aiosignal                                1.3.1
[2023-03-22T20:00:06.059+0000] {logging_mixin.py:137} INFO - alembic                                  1.9.2
[2023-03-22T20:00:06.060+0000] {logging_mixin.py:137} INFO - amqp                                     5.1.1
[2023-03-22T20:00:06.061+0000] {logging_mixin.py:137} INFO - anyio                                    3.6.2
[2023-03-22T20:00:06.062+0000] {logging_mixin.py:137} INFO - apache-***                           2.5.1
[2023-03-22T20:00:06.062+0000] {logging_mixin.py:137} INFO - apache-***-providers-amazon          7.1.0
[2023-03-22T20:00:06.063+0000] {logging_mixin.py:137} INFO - apache-***-providers-celery          3.1.0
[2023-03-22T20:00:06.063+0000] {logging_mixin.py:137} INFO - apache-***-providers-cncf-kubernetes 5.1.1
[2023-03-22T20:00:06.064+0000] {logging_mixin.py:137} INFO - apache-***-providers-common-sql      1.3.3
[2023-03-22T20:00:06.064+0000] {logging_mixin.py:137} INFO - apache-***-providers-docker          3.4.0
[2023-03-22T20:00:06.065+0000] {logging_mixin.py:137} INFO - apache-***-providers-elasticsearch   4.3.3
[2023-03-22T20:00:06.065+0000] {logging_mixin.py:137} INFO - apache-***-providers-ftp             3.3.0
[2023-03-22T20:00:06.066+0000] {logging_mixin.py:137} INFO - apache-***-providers-google          8.8.0
[2023-03-22T20:00:06.067+0000] {logging_mixin.py:137} INFO - apache-***-providers-grpc            3.1.0
[2023-03-22T20:00:06.067+0000] {logging_mixin.py:137} INFO - apache-***-providers-hashicorp       3.2.0
[2023-03-22T20:00:06.067+0000] {logging_mixin.py:137} INFO - apache-***-providers-http            4.1.1
[2023-03-22T20:00:06.068+0000] {logging_mixin.py:137} INFO - apache-***-providers-imap            3.1.1
[2023-03-22T20:00:06.068+0000] {logging_mixin.py:137} INFO - apache-***-providers-microsoft-azure 5.1.0
[2023-03-22T20:00:06.069+0000] {logging_mixin.py:137} INFO - apache-***-providers-mysql           4.0.0
[2023-03-22T20:00:06.069+0000] {logging_mixin.py:137} INFO - apache-***-providers-odbc            3.2.1
[2023-03-22T20:00:06.070+0000] {logging_mixin.py:137} INFO - apache-***-providers-postgres        5.4.0
[2023-03-22T20:00:06.071+0000] {logging_mixin.py:137} INFO - apache-***-providers-redis           3.1.0
[2023-03-22T20:00:06.071+0000] {logging_mixin.py:137} INFO - apache-***-providers-sendgrid        3.1.0
[2023-03-22T20:00:06.072+0000] {logging_mixin.py:137} INFO - apache-***-providers-sftp            4.2.1
[2023-03-22T20:00:06.072+0000] {logging_mixin.py:137} INFO - apache-***-providers-slack           7.2.0
[2023-03-22T20:00:06.073+0000] {logging_mixin.py:137} INFO - apache-***-providers-sqlite          3.3.1
[2023-03-22T20:00:06.073+0000] {logging_mixin.py:137} INFO - apache-***-providers-ssh             3.4.0
[2023-03-22T20:00:06.073+0000] {logging_mixin.py:137} INFO - apispec                                  3.3.2
[2023-03-22T20:00:06.074+0000] {logging_mixin.py:137} INFO - argcomplete                              2.0.0
[2023-03-22T20:00:06.074+0000] {logging_mixin.py:137} INFO - asgiref                                  3.6.0
[2023-03-22T20:00:06.075+0000] {logging_mixin.py:137} INFO - asn1crypto                               1.5.1
[2023-03-22T20:00:06.075+0000] {logging_mixin.py:137} INFO - async-timeout                            4.0.2
[2023-03-22T20:00:06.076+0000] {logging_mixin.py:137} INFO - asynctest                                0.13.0
[2023-03-22T20:00:06.076+0000] {logging_mixin.py:137} INFO - attrs                                    22.2.0
[2023-03-22T20:00:06.076+0000] {logging_mixin.py:137} INFO - Authlib                                  1.2.0
[2023-03-22T20:00:06.077+0000] {logging_mixin.py:137} INFO - azure-batch                              13.0.0
[2023-03-22T20:00:06.077+0000] {logging_mixin.py:137} INFO - azure-common                             1.1.28
[2023-03-22T20:00:06.078+0000] {logging_mixin.py:137} INFO - azure-core                               1.26.2
[2023-03-22T20:00:06.078+0000] {logging_mixin.py:137} INFO - azure-cosmos                             4.3.0
[2023-03-22T20:00:06.078+0000] {logging_mixin.py:137} INFO - azure-datalake-store                     0.0.52
[2023-03-22T20:00:06.079+0000] {logging_mixin.py:137} INFO - azure-identity                           1.12.0
[2023-03-22T20:00:06.079+0000] {logging_mixin.py:137} INFO - azure-keyvault-secrets                   4.6.0
[2023-03-22T20:00:06.080+0000] {logging_mixin.py:137} INFO - azure-kusto-data                         0.0.45
[2023-03-22T20:00:06.080+0000] {logging_mixin.py:137} INFO - azure-mgmt-containerinstance             1.5.0
[2023-03-22T20:00:06.081+0000] {logging_mixin.py:137} INFO - azure-mgmt-core                          1.3.2
[2023-03-22T20:00:06.081+0000] {logging_mixin.py:137} INFO - azure-mgmt-datafactory                   1.1.0
[2023-03-22T20:00:06.081+0000] {logging_mixin.py:137} INFO - azure-mgmt-datalake-nspkg                3.0.1
[2023-03-22T20:00:06.082+0000] {logging_mixin.py:137} INFO - azure-mgmt-datalake-store                0.5.0
[2023-03-22T20:00:06.082+0000] {logging_mixin.py:137} INFO - azure-mgmt-nspkg                         3.0.2
[2023-03-22T20:00:06.083+0000] {logging_mixin.py:137} INFO - azure-mgmt-resource                      22.0.0
[2023-03-22T20:00:06.083+0000] {logging_mixin.py:137} INFO - azure-nspkg                              3.0.2
[2023-03-22T20:00:06.084+0000] {logging_mixin.py:137} INFO - azure-servicebus                         7.8.2
[2023-03-22T20:00:06.084+0000] {logging_mixin.py:137} INFO - azure-storage-blob                       12.14.1
[2023-03-22T20:00:06.085+0000] {logging_mixin.py:137} INFO - azure-storage-common                     2.1.0
[2023-03-22T20:00:06.085+0000] {logging_mixin.py:137} INFO - azure-storage-file                       2.1.0
[2023-03-22T20:00:06.086+0000] {logging_mixin.py:137} INFO - azure-storage-file-datalake              12.9.1
[2023-03-22T20:00:06.086+0000] {logging_mixin.py:137} INFO - azure-synapse-spark                      0.7.0
[2023-03-22T20:00:06.087+0000] {logging_mixin.py:137} INFO - Babel                                    2.11.0
[2023-03-22T20:00:06.088+0000] {logging_mixin.py:137} INFO - backoff                                  1.10.0
[2023-03-22T20:00:06.088+0000] {logging_mixin.py:137} INFO - bcrypt                                   4.0.1
[2023-03-22T20:00:06.089+0000] {logging_mixin.py:137} INFO - beautifulsoup4                           4.11.1
[2023-03-22T20:00:06.089+0000] {logging_mixin.py:137} INFO - billiard                                 3.6.4.0
[2023-03-22T20:00:06.090+0000] {logging_mixin.py:137} INFO - blinker                                  1.5
[2023-03-22T20:00:06.090+0000] {logging_mixin.py:137} INFO - boto3                                    1.26.51
[2023-03-22T20:00:06.091+0000] {logging_mixin.py:137} INFO - botocore                                 1.29.51
[2023-03-22T20:00:06.091+0000] {logging_mixin.py:137} INFO - cached-property                          1.5.2
[2023-03-22T20:00:06.092+0000] {logging_mixin.py:137} INFO - cachelib                                 0.9.0
[2023-03-22T20:00:06.092+0000] {logging_mixin.py:137} INFO - cachetools                               4.2.2
[2023-03-22T20:00:06.093+0000] {logging_mixin.py:137} INFO - cattrs                                   22.2.0
[2023-03-22T20:00:06.093+0000] {logging_mixin.py:137} INFO - celery                                   5.2.7
[2023-03-22T20:00:06.094+0000] {logging_mixin.py:137} INFO - certifi                                  2022.12.7
[2023-03-22T20:00:06.094+0000] {logging_mixin.py:137} INFO - cffi                                     1.15.1
[2023-03-22T20:00:06.095+0000] {logging_mixin.py:137} INFO - chardet                                  4.0.0
[2023-03-22T20:00:06.095+0000] {logging_mixin.py:137} INFO - charset-normalizer                       2.1.1
[2023-03-22T20:00:06.095+0000] {logging_mixin.py:137} INFO - click                                    8.1.3
[2023-03-22T20:00:06.096+0000] {logging_mixin.py:137} INFO - click-didyoumean                         0.3.0
[2023-03-22T20:00:06.096+0000] {logging_mixin.py:137} INFO - click-plugins                            1.1.1
[2023-03-22T20:00:06.097+0000] {logging_mixin.py:137} INFO - click-repl                               0.2.0
[2023-03-22T20:00:06.097+0000] {logging_mixin.py:137} INFO - clickclick                               20.10.2
[2023-03-22T20:00:06.097+0000] {logging_mixin.py:137} INFO - cloudpickle                              2.2.0
[2023-03-22T20:00:06.098+0000] {logging_mixin.py:137} INFO - colorama                                 0.4.6
[2023-03-22T20:00:06.098+0000] {logging_mixin.py:137} INFO - colorlog                                 4.8.0
[2023-03-22T20:00:06.098+0000] {logging_mixin.py:137} INFO - commonmark                               0.9.1
[2023-03-22T20:00:06.099+0000] {logging_mixin.py:137} INFO - ConfigUpdater                            3.1.1
[2023-03-22T20:00:06.100+0000] {logging_mixin.py:137} INFO - connexion                                2.14.1
[2023-03-22T20:00:06.100+0000] {logging_mixin.py:137} INFO - cron-descriptor                          1.2.32
[2023-03-22T20:00:06.101+0000] {logging_mixin.py:137} INFO - croniter                                 1.3.8
[2023-03-22T20:00:06.101+0000] {logging_mixin.py:137} INFO - cryptography                             38.0.4
[2023-03-22T20:00:06.101+0000] {logging_mixin.py:137} INFO - dask                                     2022.2.0
[2023-03-22T20:00:06.102+0000] {logging_mixin.py:137} INFO - db-dtypes                                1.0.5
[2023-03-22T20:00:06.102+0000] {logging_mixin.py:137} INFO - decorator                                5.1.1
[2023-03-22T20:00:06.103+0000] {logging_mixin.py:137} INFO - Deprecated                               1.2.13
[2023-03-22T20:00:06.103+0000] {logging_mixin.py:137} INFO - dill                                     0.3.1.1
[2023-03-22T20:00:06.104+0000] {logging_mixin.py:137} INFO - distlib                                  0.3.6
[2023-03-22T20:00:06.104+0000] {logging_mixin.py:137} INFO - distributed                              2022.2.0
[2023-03-22T20:00:06.104+0000] {logging_mixin.py:137} INFO - dnspython                                2.3.0
[2023-03-22T20:00:06.105+0000] {logging_mixin.py:137} INFO - docker                                   6.0.1
[2023-03-22T20:00:06.105+0000] {logging_mixin.py:137} INFO - docutils                                 0.19
[2023-03-22T20:00:06.106+0000] {logging_mixin.py:137} INFO - elasticsearch                            7.13.4
[2023-03-22T20:00:06.106+0000] {logging_mixin.py:137} INFO - elasticsearch-dbapi                      0.2.9
[2023-03-22T20:00:06.106+0000] {logging_mixin.py:137} INFO - elasticsearch-dsl                        7.4.0
[2023-03-22T20:00:06.107+0000] {logging_mixin.py:137} INFO - email-validator                          1.3.0
[2023-03-22T20:00:06.107+0000] {logging_mixin.py:137} INFO - eventlet                                 0.33.3
[2023-03-22T20:00:06.108+0000] {logging_mixin.py:137} INFO - exceptiongroup                           1.1.0
[2023-03-22T20:00:06.108+0000] {logging_mixin.py:137} INFO - filelock                                 3.9.0
[2023-03-22T20:00:06.108+0000] {logging_mixin.py:137} INFO - Flask                                    2.2.2
[2023-03-22T20:00:06.109+0000] {logging_mixin.py:137} INFO - Flask-AppBuilder                         4.1.4
[2023-03-22T20:00:06.109+0000] {logging_mixin.py:137} INFO - Flask-Babel                              2.0.0
[2023-03-22T20:00:06.110+0000] {logging_mixin.py:137} INFO - Flask-Caching                            2.0.2
[2023-03-22T20:00:06.110+0000] {logging_mixin.py:137} INFO - Flask-JWT-Extended                       4.4.4
[2023-03-22T20:00:06.110+0000] {logging_mixin.py:137} INFO - Flask-Login                              0.6.2
[2023-03-22T20:00:06.111+0000] {logging_mixin.py:137} INFO - Flask-Session                            0.4.0
[2023-03-22T20:00:06.111+0000] {logging_mixin.py:137} INFO - Flask-SQLAlchemy                         2.5.1
[2023-03-22T20:00:06.112+0000] {logging_mixin.py:137} INFO - Flask-WTF                                1.1.1
[2023-03-22T20:00:06.112+0000] {logging_mixin.py:137} INFO - flower                                   1.2.0
[2023-03-22T20:00:06.112+0000] {logging_mixin.py:137} INFO - frozenlist                               1.3.3
[2023-03-22T20:00:06.113+0000] {logging_mixin.py:137} INFO - fsspec                                   2022.11.0
[2023-03-22T20:00:06.113+0000] {logging_mixin.py:137} INFO - future                                   0.18.3
[2023-03-22T20:00:06.114+0000] {logging_mixin.py:137} INFO - gcloud-aio-auth                          4.1.5
[2023-03-22T20:00:06.114+0000] {logging_mixin.py:137} INFO - gcloud-aio-bigquery                      6.2.0
[2023-03-22T20:00:06.115+0000] {logging_mixin.py:137} INFO - gcloud-aio-storage                       8.0.0
[2023-03-22T20:00:06.115+0000] {logging_mixin.py:137} INFO - gevent                                   22.10.2
[2023-03-22T20:00:06.116+0000] {logging_mixin.py:137} INFO - google-ads                               18.0.0
[2023-03-22T20:00:06.116+0000] {logging_mixin.py:137} INFO - google-api-core                          2.8.2
[2023-03-22T20:00:06.117+0000] {logging_mixin.py:137} INFO - google-api-python-client                 1.12.11
[2023-03-22T20:00:06.117+0000] {logging_mixin.py:137} INFO - google-auth                              2.16.0
[2023-03-22T20:00:06.118+0000] {logging_mixin.py:137} INFO - google-auth-httplib2                     0.1.0
[2023-03-22T20:00:06.118+0000] {logging_mixin.py:137} INFO - google-auth-oauthlib                     0.8.0
[2023-03-22T20:00:06.119+0000] {logging_mixin.py:137} INFO - google-cloud-aiplatform                  1.16.1
[2023-03-22T20:00:06.119+0000] {logging_mixin.py:137} INFO - google-cloud-appengine-logging           1.1.3
[2023-03-22T20:00:06.120+0000] {logging_mixin.py:137} INFO - google-cloud-audit-log                   0.2.4
[2023-03-22T20:00:06.120+0000] {logging_mixin.py:137} INFO - google-cloud-automl                      2.8.0
[2023-03-22T20:00:06.121+0000] {logging_mixin.py:137} INFO - google-cloud-bigquery                    2.34.4
[2023-03-22T20:00:06.121+0000] {logging_mixin.py:137} INFO - google-cloud-bigquery-datatransfer       3.7.0
[2023-03-22T20:00:06.122+0000] {logging_mixin.py:137} INFO - google-cloud-bigquery-storage            2.14.1
[2023-03-22T20:00:06.123+0000] {logging_mixin.py:137} INFO - google-cloud-bigtable                    1.7.3
[2023-03-22T20:00:06.123+0000] {logging_mixin.py:137} INFO - google-cloud-build                       3.9.0
[2023-03-22T20:00:06.124+0000] {logging_mixin.py:137} INFO - google-cloud-compute                     0.7.0
[2023-03-22T20:00:06.124+0000] {logging_mixin.py:137} INFO - google-cloud-container                   2.11.1
[2023-03-22T20:00:06.125+0000] {logging_mixin.py:137} INFO - google-cloud-core                        2.3.2
[2023-03-22T20:00:06.125+0000] {logging_mixin.py:137} INFO - google-cloud-datacatalog                 3.9.0
[2023-03-22T20:00:06.126+0000] {logging_mixin.py:137} INFO - google-cloud-dataform                    0.2.0
[2023-03-22T20:00:06.126+0000] {logging_mixin.py:137} INFO - google-cloud-dataplex                    1.1.0
[2023-03-22T20:00:06.126+0000] {logging_mixin.py:137} INFO - google-cloud-dataproc                    5.0.0
[2023-03-22T20:00:06.127+0000] {logging_mixin.py:137} INFO - google-cloud-dataproc-metastore          1.6.0
[2023-03-22T20:00:06.127+0000] {logging_mixin.py:137} INFO - google-cloud-dlp                         1.0.2
[2023-03-22T20:00:06.128+0000] {logging_mixin.py:137} INFO - google-cloud-kms                         2.12.0
[2023-03-22T20:00:06.128+0000] {logging_mixin.py:137} INFO - google-cloud-language                    1.3.2
[2023-03-22T20:00:06.128+0000] {logging_mixin.py:137} INFO - google-cloud-logging                     3.2.1
[2023-03-22T20:00:06.129+0000] {logging_mixin.py:137} INFO - google-cloud-memcache                    1.4.1
[2023-03-22T20:00:06.129+0000] {logging_mixin.py:137} INFO - google-cloud-monitoring                  2.11.0
[2023-03-22T20:00:06.130+0000] {logging_mixin.py:137} INFO - google-cloud-orchestration-***       1.4.1
[2023-03-22T20:00:06.130+0000] {logging_mixin.py:137} INFO - google-cloud-os-login                    2.7.1
[2023-03-22T20:00:06.131+0000] {logging_mixin.py:137} INFO - google-cloud-pubsub                      2.13.5
[2023-03-22T20:00:06.131+0000] {logging_mixin.py:137} INFO - google-cloud-redis                       2.9.0
[2023-03-22T20:00:06.131+0000] {logging_mixin.py:137} INFO - google-cloud-resource-manager            1.6.0
[2023-03-22T20:00:06.132+0000] {logging_mixin.py:137} INFO - google-cloud-secret-manager              1.0.2
[2023-03-22T20:00:06.132+0000] {logging_mixin.py:137} INFO - google-cloud-spanner                     1.19.3
[2023-03-22T20:00:06.133+0000] {logging_mixin.py:137} INFO - google-cloud-speech                      1.3.4
[2023-03-22T20:00:06.133+0000] {logging_mixin.py:137} INFO - google-cloud-storage                     2.7.0
[2023-03-22T20:00:06.134+0000] {logging_mixin.py:137} INFO - google-cloud-tasks                       2.10.1
[2023-03-22T20:00:06.134+0000] {logging_mixin.py:137} INFO - google-cloud-texttospeech                1.0.3
[2023-03-22T20:00:06.135+0000] {logging_mixin.py:137} INFO - google-cloud-translate                   1.7.2
[2023-03-22T20:00:06.135+0000] {logging_mixin.py:137} INFO - google-cloud-videointelligence           1.16.3
[2023-03-22T20:00:06.135+0000] {logging_mixin.py:137} INFO - google-cloud-vision                      1.0.2
[2023-03-22T20:00:06.136+0000] {logging_mixin.py:137} INFO - google-cloud-workflows                   1.7.1
[2023-03-22T20:00:06.136+0000] {logging_mixin.py:137} INFO - google-crc32c                            1.5.0
[2023-03-22T20:00:06.137+0000] {logging_mixin.py:137} INFO - google-resumable-media                   2.4.0
[2023-03-22T20:00:06.137+0000] {logging_mixin.py:137} INFO - googleapis-common-protos                 1.56.4
[2023-03-22T20:00:06.138+0000] {logging_mixin.py:137} INFO - graphviz                                 0.20.1
[2023-03-22T20:00:06.138+0000] {logging_mixin.py:137} INFO - greenlet                                 2.0.1
[2023-03-22T20:00:06.139+0000] {logging_mixin.py:137} INFO - grpc-google-iam-v1                       0.12.4
[2023-03-22T20:00:06.139+0000] {logging_mixin.py:137} INFO - grpcio                                   1.51.1
[2023-03-22T20:00:06.139+0000] {logging_mixin.py:137} INFO - grpcio-gcp                               0.2.2
[2023-03-22T20:00:06.140+0000] {logging_mixin.py:137} INFO - grpcio-status                            1.48.2
[2023-03-22T20:00:06.140+0000] {logging_mixin.py:137} INFO - gunicorn                                 20.1.0
[2023-03-22T20:00:06.141+0000] {logging_mixin.py:137} INFO - h11                                      0.14.0
[2023-03-22T20:00:06.141+0000] {logging_mixin.py:137} INFO - HeapDict                                 1.0.1
[2023-03-22T20:00:06.142+0000] {logging_mixin.py:137} INFO - httpcore                                 0.16.3
[2023-03-22T20:00:06.143+0000] {logging_mixin.py:137} INFO - httplib2                                 0.20.4
[2023-03-22T20:00:06.144+0000] {logging_mixin.py:137} INFO - httpx                                    0.23.3
[2023-03-22T20:00:06.144+0000] {logging_mixin.py:137} INFO - humanize                                 4.4.0
[2023-03-22T20:00:06.145+0000] {logging_mixin.py:137} INFO - hvac                                     1.0.2
[2023-03-22T20:00:06.146+0000] {logging_mixin.py:137} INFO - idna                                     3.4
[2023-03-22T20:00:06.147+0000] {logging_mixin.py:137} INFO - importlib-metadata                       4.13.0
[2023-03-22T20:00:06.147+0000] {logging_mixin.py:137} INFO - importlib-resources                      5.10.2
[2023-03-22T20:00:06.148+0000] {logging_mixin.py:137} INFO - inflection                               0.5.1
[2023-03-22T20:00:06.148+0000] {logging_mixin.py:137} INFO - isodate                                  0.6.1
[2023-03-22T20:00:06.149+0000] {logging_mixin.py:137} INFO - itsdangerous                             2.1.2
[2023-03-22T20:00:06.149+0000] {logging_mixin.py:137} INFO - Jinja2                                   3.1.2
[2023-03-22T20:00:06.150+0000] {logging_mixin.py:137} INFO - jmespath                                 0.10.0
[2023-03-22T20:00:06.151+0000] {logging_mixin.py:137} INFO - joblib                                   1.2.0
[2023-03-22T20:00:06.151+0000] {logging_mixin.py:137} INFO - json-merge-patch                         0.2
[2023-03-22T20:00:06.152+0000] {logging_mixin.py:137} INFO - jsonpath-ng                              1.5.3
[2023-03-22T20:00:06.152+0000] {logging_mixin.py:137} INFO - jsonschema                               4.17.3
[2023-03-22T20:00:06.153+0000] {logging_mixin.py:137} INFO - kombu                                    5.2.4
[2023-03-22T20:00:06.153+0000] {logging_mixin.py:137} INFO - kubernetes                               23.6.0
[2023-03-22T20:00:06.154+0000] {logging_mixin.py:137} INFO - lazy-object-proxy                        1.9.0
[2023-03-22T20:00:06.154+0000] {logging_mixin.py:137} INFO - ldap3                                    2.9.1
[2023-03-22T20:00:06.155+0000] {logging_mixin.py:137} INFO - linkify-it-py                            2.0.0
[2023-03-22T20:00:06.155+0000] {logging_mixin.py:137} INFO - locket                                   1.0.0
[2023-03-22T20:00:06.155+0000] {logging_mixin.py:137} INFO - lockfile                                 0.12.2
[2023-03-22T20:00:06.156+0000] {logging_mixin.py:137} INFO - looker-sdk                               22.20.0
[2023-03-22T20:00:06.156+0000] {logging_mixin.py:137} INFO - lxml                                     4.9.2
[2023-03-22T20:00:06.157+0000] {logging_mixin.py:137} INFO - Mako                                     1.2.4
[2023-03-22T20:00:06.157+0000] {logging_mixin.py:137} INFO - Markdown                                 3.4.1
[2023-03-22T20:00:06.158+0000] {logging_mixin.py:137} INFO - markdown-it-py                           2.1.0
[2023-03-22T20:00:06.158+0000] {logging_mixin.py:137} INFO - MarkupSafe                               2.1.2
[2023-03-22T20:00:06.159+0000] {logging_mixin.py:137} INFO - marshmallow                              3.19.0
[2023-03-22T20:00:06.159+0000] {logging_mixin.py:137} INFO - marshmallow-enum                         1.5.1
[2023-03-22T20:00:06.160+0000] {logging_mixin.py:137} INFO - marshmallow-oneofschema                  3.0.1
[2023-03-22T20:00:06.160+0000] {logging_mixin.py:137} INFO - marshmallow-sqlalchemy                   0.26.1
[2023-03-22T20:00:06.161+0000] {logging_mixin.py:137} INFO - mdit-py-plugins                          0.3.3
[2023-03-22T20:00:06.161+0000] {logging_mixin.py:137} INFO - mdurl                                    0.1.2
[2023-03-22T20:00:06.162+0000] {logging_mixin.py:137} INFO - msal                                     1.20.0
[2023-03-22T20:00:06.162+0000] {logging_mixin.py:137} INFO - msal-extensions                          1.0.0
[2023-03-22T20:00:06.163+0000] {logging_mixin.py:137} INFO - msgpack                                  1.0.4
[2023-03-22T20:00:06.163+0000] {logging_mixin.py:137} INFO - msrest                                   0.7.1
[2023-03-22T20:00:06.164+0000] {logging_mixin.py:137} INFO - msrestazure                              0.6.4
[2023-03-22T20:00:06.164+0000] {logging_mixin.py:137} INFO - multidict                                6.0.4
[2023-03-22T20:00:06.164+0000] {logging_mixin.py:137} INFO - mypy-boto3-appflow                       1.26.32
[2023-03-22T20:00:06.165+0000] {logging_mixin.py:137} INFO - mypy-boto3-rds                           1.26.47
[2023-03-22T20:00:06.165+0000] {logging_mixin.py:137} INFO - mypy-boto3-redshift-data                 1.26.30
[2023-03-22T20:00:06.166+0000] {logging_mixin.py:137} INFO - mysql-connector-python                   8.0.32
[2023-03-22T20:00:06.166+0000] {logging_mixin.py:137} INFO - mysqlclient                              2.1.1
[2023-03-22T20:00:06.167+0000] {logging_mixin.py:137} INFO - numpy                                    1.21.1
[2023-03-22T20:00:06.167+0000] {logging_mixin.py:137} INFO - oauthlib                                 3.2.2
[2023-03-22T20:00:06.168+0000] {logging_mixin.py:137} INFO - packaging                                21.3
[2023-03-22T20:00:06.168+0000] {logging_mixin.py:137} INFO - pandas                                   1.3.5
[2023-03-22T20:00:06.169+0000] {logging_mixin.py:137} INFO - pandas-gbq                               0.17.9
[2023-03-22T20:00:06.169+0000] {logging_mixin.py:137} INFO - paramiko                                 2.12.0
[2023-03-22T20:00:06.170+0000] {logging_mixin.py:137} INFO - partd                                    1.3.0
[2023-03-22T20:00:06.170+0000] {logging_mixin.py:137} INFO - pathspec                                 0.9.0
[2023-03-22T20:00:06.171+0000] {logging_mixin.py:137} INFO - pendulum                                 2.1.2
[2023-03-22T20:00:06.171+0000] {logging_mixin.py:137} INFO - pip                                      22.3.1
[2023-03-22T20:00:06.172+0000] {logging_mixin.py:137} INFO - pkgutil_resolve_name                     1.3.10
[2023-03-22T20:00:06.172+0000] {logging_mixin.py:137} INFO - platformdirs                             2.6.2
[2023-03-22T20:00:06.173+0000] {logging_mixin.py:137} INFO - pluggy                                   1.0.0
[2023-03-22T20:00:06.173+0000] {logging_mixin.py:137} INFO - ply                                      3.11
[2023-03-22T20:00:06.174+0000] {logging_mixin.py:137} INFO - portalocker                              2.6.0
[2023-03-22T20:00:06.174+0000] {logging_mixin.py:137} INFO - prison                                   0.2.1
[2023-03-22T20:00:06.174+0000] {logging_mixin.py:137} INFO - prometheus-client                        0.15.0
[2023-03-22T20:00:06.175+0000] {logging_mixin.py:137} INFO - prompt-toolkit                           3.0.36
[2023-03-22T20:00:06.175+0000] {logging_mixin.py:137} INFO - proto-plus                               1.19.6
[2023-03-22T20:00:06.176+0000] {logging_mixin.py:137} INFO - protobuf                                 3.20.0
[2023-03-22T20:00:06.177+0000] {logging_mixin.py:137} INFO - psutil                                   5.9.4
[2023-03-22T20:00:06.177+0000] {logging_mixin.py:137} INFO - psycopg2-binary                          2.9.5
[2023-03-22T20:00:06.177+0000] {logging_mixin.py:137} INFO - pyarrow                                  9.0.0
[2023-03-22T20:00:06.178+0000] {logging_mixin.py:137} INFO - pyasn1                                   0.4.8
[2023-03-22T20:00:06.178+0000] {logging_mixin.py:137} INFO - pyasn1-modules                           0.2.8
[2023-03-22T20:00:06.179+0000] {logging_mixin.py:137} INFO - pycparser                                2.21
[2023-03-22T20:00:06.179+0000] {logging_mixin.py:137} INFO - pydata-google-auth                       1.5.0
[2023-03-22T20:00:06.180+0000] {logging_mixin.py:137} INFO - Pygments                                 2.14.0
[2023-03-22T20:00:06.180+0000] {logging_mixin.py:137} INFO - pyhcl                                    0.4.4
[2023-03-22T20:00:06.181+0000] {logging_mixin.py:137} INFO - PyJWT                                    2.6.0
[2023-03-22T20:00:06.181+0000] {logging_mixin.py:137} INFO - PyNaCl                                   1.5.0
[2023-03-22T20:00:06.182+0000] {logging_mixin.py:137} INFO - pyodbc                                   4.0.35
[2023-03-22T20:00:06.182+0000] {logging_mixin.py:137} INFO - pyOpenSSL                                22.1.0
[2023-03-22T20:00:06.183+0000] {logging_mixin.py:137} INFO - pyparsing                                3.0.9
[2023-03-22T20:00:06.184+0000] {logging_mixin.py:137} INFO - pyrsistent                               0.19.3
[2023-03-22T20:00:06.184+0000] {logging_mixin.py:137} INFO - python-daemon                            2.3.2
[2023-03-22T20:00:06.185+0000] {logging_mixin.py:137} INFO - python-dateutil                          2.8.2
[2023-03-22T20:00:06.185+0000] {logging_mixin.py:137} INFO - python-dotenv                            0.21.0
[2023-03-22T20:00:06.186+0000] {logging_mixin.py:137} INFO - python-http-client                       3.3.7
[2023-03-22T20:00:06.186+0000] {logging_mixin.py:137} INFO - python-ldap                              3.4.3
[2023-03-22T20:00:06.187+0000] {logging_mixin.py:137} INFO - python-nvd3                              0.15.0
[2023-03-22T20:00:06.187+0000] {logging_mixin.py:137} INFO - python-slugify                           7.0.0
[2023-03-22T20:00:06.187+0000] {logging_mixin.py:137} INFO - pytz                                     2022.7.1
[2023-03-22T20:00:06.188+0000] {logging_mixin.py:137} INFO - pytzdata                                 2020.1
[2023-03-22T20:00:06.188+0000] {logging_mixin.py:137} INFO - PyYAML                                   6.0
[2023-03-22T20:00:06.189+0000] {logging_mixin.py:137} INFO - redis                                    3.5.3
[2023-03-22T20:00:06.189+0000] {logging_mixin.py:137} INFO - redshift-connector                       2.0.909
[2023-03-22T20:00:06.190+0000] {logging_mixin.py:137} INFO - requests                                 2.28.2
[2023-03-22T20:00:06.190+0000] {logging_mixin.py:137} INFO - requests-oauthlib                        1.3.1
[2023-03-22T20:00:06.191+0000] {logging_mixin.py:137} INFO - requests-toolbelt                        0.10.1
[2023-03-22T20:00:06.191+0000] {logging_mixin.py:137} INFO - rfc3986                                  1.5.0
[2023-03-22T20:00:06.192+0000] {logging_mixin.py:137} INFO - rich                                     13.1.0
[2023-03-22T20:00:06.192+0000] {logging_mixin.py:137} INFO - rsa                                      4.9
[2023-03-22T20:00:06.192+0000] {logging_mixin.py:137} INFO - s3transfer                               0.6.0
[2023-03-22T20:00:06.193+0000] {logging_mixin.py:137} INFO - scikit-learn                             1.0.2
[2023-03-22T20:00:06.194+0000] {logging_mixin.py:137} INFO - scipy                                    1.7.3
[2023-03-22T20:00:06.194+0000] {logging_mixin.py:137} INFO - scramp                                   1.4.4
[2023-03-22T20:00:06.195+0000] {logging_mixin.py:137} INFO - sendgrid                                 6.9.7
[2023-03-22T20:00:06.195+0000] {logging_mixin.py:137} INFO - setproctitle                             1.3.2
[2023-03-22T20:00:06.196+0000] {logging_mixin.py:137} INFO - setuptools                               57.5.0
[2023-03-22T20:00:06.196+0000] {logging_mixin.py:137} INFO - six                                      1.16.0
[2023-03-22T20:00:06.196+0000] {logging_mixin.py:137} INFO - slack-sdk                                3.19.5
[2023-03-22T20:00:06.197+0000] {logging_mixin.py:137} INFO - sniffio                                  1.3.0
[2023-03-22T20:00:06.197+0000] {logging_mixin.py:137} INFO - sortedcontainers                         2.4.0
[2023-03-22T20:00:06.198+0000] {logging_mixin.py:137} INFO - soupsieve                                2.3.2.post1
[2023-03-22T20:00:06.198+0000] {logging_mixin.py:137} INFO - SQLAlchemy                               1.4.46
[2023-03-22T20:00:06.199+0000] {logging_mixin.py:137} INFO - sqlalchemy-bigquery                      1.5.0
[2023-03-22T20:00:06.199+0000] {logging_mixin.py:137} INFO - SQLAlchemy-JSONField                     1.0.1.post0
[2023-03-22T20:00:06.200+0000] {logging_mixin.py:137} INFO - sqlalchemy-redshift                      0.8.12
[2023-03-22T20:00:06.200+0000] {logging_mixin.py:137} INFO - SQLAlchemy-Utils                         0.39.0
[2023-03-22T20:00:06.201+0000] {logging_mixin.py:137} INFO - sqlparse                                 0.4.3
[2023-03-22T20:00:06.201+0000] {logging_mixin.py:137} INFO - sshtunnel                                0.4.0
[2023-03-22T20:00:06.202+0000] {logging_mixin.py:137} INFO - starkbank-ecdsa                          2.2.0
[2023-03-22T20:00:06.202+0000] {logging_mixin.py:137} INFO - statsd                                   4.0.1
[2023-03-22T20:00:06.203+0000] {logging_mixin.py:137} INFO - tabulate                                 0.9.0
[2023-03-22T20:00:06.203+0000] {logging_mixin.py:137} INFO - tblib                                    1.7.0
[2023-03-22T20:00:06.204+0000] {logging_mixin.py:137} INFO - tenacity                                 8.1.0
[2023-03-22T20:00:06.204+0000] {logging_mixin.py:137} INFO - termcolor                                2.2.0
[2023-03-22T20:00:06.204+0000] {logging_mixin.py:137} INFO - text-unidecode                           1.3
[2023-03-22T20:00:06.205+0000] {logging_mixin.py:137} INFO - threadpoolctl                            3.1.0
[2023-03-22T20:00:06.205+0000] {logging_mixin.py:137} INFO - toolz                                    0.12.0
[2023-03-22T20:00:06.206+0000] {logging_mixin.py:137} INFO - tornado                                  6.1
[2023-03-22T20:00:06.206+0000] {logging_mixin.py:137} INFO - typing_extensions                        4.4.0
[2023-03-22T20:00:06.206+0000] {logging_mixin.py:137} INFO - uamqp                                    1.6.3
[2023-03-22T20:00:06.207+0000] {logging_mixin.py:137} INFO - uc-micro-py                              1.0.1
[2023-03-22T20:00:06.207+0000] {logging_mixin.py:137} INFO - unicodecsv                               0.14.1
[2023-03-22T20:00:06.208+0000] {logging_mixin.py:137} INFO - uritemplate                              3.0.1
[2023-03-22T20:00:06.208+0000] {logging_mixin.py:137} INFO - urllib3                                  1.26.14
[2023-03-22T20:00:06.209+0000] {logging_mixin.py:137} INFO - vine                                     5.0.0
[2023-03-22T20:00:06.209+0000] {logging_mixin.py:137} INFO - virtualenv                               20.17.1
[2023-03-22T20:00:06.210+0000] {logging_mixin.py:137} INFO - watchtower                               2.0.1
[2023-03-22T20:00:06.210+0000] {logging_mixin.py:137} INFO - wcwidth                                  0.2.6
[2023-03-22T20:00:06.211+0000] {logging_mixin.py:137} INFO - websocket-client                         1.4.2
[2023-03-22T20:00:06.211+0000] {logging_mixin.py:137} INFO - Werkzeug                                 2.2.2
[2023-03-22T20:00:06.212+0000] {logging_mixin.py:137} INFO - wheel                                    0.38.4
[2023-03-22T20:00:06.212+0000] {logging_mixin.py:137} INFO - wrapt                                    1.14.1
[2023-03-22T20:00:06.212+0000] {logging_mixin.py:137} INFO - WTForms                                  3.0.1
[2023-03-22T20:00:06.213+0000] {logging_mixin.py:137} INFO - yarl                                     1.8.2
[2023-03-22T20:00:06.213+0000] {logging_mixin.py:137} INFO - zict                                     2.2.0
[2023-03-22T20:00:06.214+0000] {logging_mixin.py:137} INFO - zipp                                     3.11.0
[2023-03-22T20:00:06.214+0000] {logging_mixin.py:137} INFO - zope.event                               4.6
[2023-03-22T20:00:06.215+0000] {logging_mixin.py:137} INFO - zope.interface                           5.5.2
[2023-03-22T20:00:06.853+0000] {logging_mixin.py:137} WARNING - 
[notice] A new release of pip available: 22.3.1 -> 23.0.1
[notice] To update, run: python -m pip install --upgrade pip
[2023-03-22T20:00:06.856+0000] {logging_mixin.py:137} INFO - 0
[2023-03-22T20:00:07.170+0000] {logging_mixin.py:137} INFO - {'fact': "A cat has the power to sometimes heal themselves by purring. A domestic cat's purr has a frequency of between 25 and 150 Hertz, which happens to be the frequency at which muscles and bones best grow and repair themselves. ", 'length': 222}
[2023-03-22T20:00:07.170+0000] {python.py:177} INFO - Done. Returned value was: None
[2023-03-22T20:00:07.179+0000] {taskinstance.py:1323} INFO - Marking task as SUCCESS. dag_id=my_sample_dag, task_id=run_this_first, execution_date=20230322T200003, start_date=20230322T200004, end_date=20230322T200007
[2023-03-22T20:00:07.234+0000] {local_task_job.py:208} INFO - Task exited with return code 0
[2023-03-22T20:00:07.254+0000] {taskinstance.py:2578} INFO - 1 downstream tasks scheduled from follow-on schedule check
