[2023-03-22T17:17:35.542+0000] {taskinstance.py:1083} INFO - Dependencies all met for <TaskInstance: my_sample_dag.run_this_first manual__2023-03-22T17:17:34.475048+00:00 [queued]>
[2023-03-22T17:17:35.550+0000] {taskinstance.py:1083} INFO - Dependencies all met for <TaskInstance: my_sample_dag.run_this_first manual__2023-03-22T17:17:34.475048+00:00 [queued]>
[2023-03-22T17:17:35.551+0000] {taskinstance.py:1279} INFO - 
--------------------------------------------------------------------------------
[2023-03-22T17:17:35.551+0000] {taskinstance.py:1280} INFO - Starting attempt 1 of 1
[2023-03-22T17:17:35.551+0000] {taskinstance.py:1281} INFO - 
--------------------------------------------------------------------------------
[2023-03-22T17:17:35.565+0000] {taskinstance.py:1300} INFO - Executing <Task(PythonOperator): run_this_first> on 2023-03-22 17:17:34.475048+00:00
[2023-03-22T17:17:35.570+0000] {standard_task_runner.py:55} INFO - Started process 32385 to run task
[2023-03-22T17:17:35.572+0000] {standard_task_runner.py:82} INFO - Running: ['***', 'tasks', 'run', 'my_sample_dag', 'run_this_first', 'manual__2023-03-22T17:17:34.475048+00:00', '--job-id', '6', '--raw', '--subdir', 'DAGS_FOLDER/my_test_dag.py', '--cfg-path', '/tmp/tmp80wuzz0m']
[2023-03-22T17:17:35.572+0000] {standard_task_runner.py:83} INFO - Job 6: Subtask run_this_first
[2023-03-22T17:17:35.622+0000] {task_command.py:388} INFO - Running <TaskInstance: my_sample_dag.run_this_first manual__2023-03-22T17:17:34.475048+00:00 [running]> on host cb49c70fb705
[2023-03-22T17:17:35.684+0000] {taskinstance.py:1509} INFO - Exporting the following env vars:
AIRFLOW_CTX_DAG_OWNER=pipis
AIRFLOW_CTX_DAG_ID=my_sample_dag
AIRFLOW_CTX_TASK_ID=run_this_first
AIRFLOW_CTX_EXECUTION_DATE=2023-03-22T17:17:34.475048+00:00
AIRFLOW_CTX_TRY_NUMBER=1
AIRFLOW_CTX_DAG_RUN_ID=manual__2023-03-22T17:17:34.475048+00:00
[2023-03-22T17:17:35.685+0000] {logging_mixin.py:137} INFO - I am coming first
[2023-03-22T17:17:37.175+0000] {logging_mixin.py:137} INFO - CompletedProcess(args=['pip', 'freeze'], returncode=0)
[2023-03-22T17:17:37.176+0000] {python.py:177} INFO - Done. Returned value was: None
[2023-03-22T17:17:37.185+0000] {taskinstance.py:1323} INFO - Marking task as SUCCESS. dag_id=my_sample_dag, task_id=run_this_first, execution_date=20230322T171734, start_date=20230322T171735, end_date=20230322T171737
[2023-03-22T17:17:37.228+0000] {local_task_job.py:208} INFO - Task exited with return code 0
[2023-03-22T17:17:37.247+0000] {taskinstance.py:2578} INFO - 1 downstream tasks scheduled from follow-on schedule check
