[2023-03-22T17:20:10.521+0000] {taskinstance.py:1083} INFO - Dependencies all met for <TaskInstance: my_sample_dag.run_this_first manual__2023-03-22T17:20:09.372116+00:00 [queued]>
[2023-03-22T17:20:10.529+0000] {taskinstance.py:1083} INFO - Dependencies all met for <TaskInstance: my_sample_dag.run_this_first manual__2023-03-22T17:20:09.372116+00:00 [queued]>
[2023-03-22T17:20:10.530+0000] {taskinstance.py:1279} INFO - 
--------------------------------------------------------------------------------
[2023-03-22T17:20:10.530+0000] {taskinstance.py:1280} INFO - Starting attempt 1 of 1
[2023-03-22T17:20:10.530+0000] {taskinstance.py:1281} INFO - 
--------------------------------------------------------------------------------
[2023-03-22T17:20:10.546+0000] {taskinstance.py:1300} INFO - Executing <Task(PythonOperator): run_this_first> on 2023-03-22 17:20:09.372116+00:00
[2023-03-22T17:20:10.551+0000] {standard_task_runner.py:55} INFO - Started process 32706 to run task
[2023-03-22T17:20:10.553+0000] {standard_task_runner.py:82} INFO - Running: ['***', 'tasks', 'run', 'my_sample_dag', 'run_this_first', 'manual__2023-03-22T17:20:09.372116+00:00', '--job-id', '8', '--raw', '--subdir', 'DAGS_FOLDER/my_test_dag.py', '--cfg-path', '/tmp/tmpfvyzrw9b']
[2023-03-22T17:20:10.554+0000] {standard_task_runner.py:83} INFO - Job 8: Subtask run_this_first
[2023-03-22T17:20:10.606+0000] {task_command.py:388} INFO - Running <TaskInstance: my_sample_dag.run_this_first manual__2023-03-22T17:20:09.372116+00:00 [running]> on host cb49c70fb705
[2023-03-22T17:20:10.669+0000] {taskinstance.py:1509} INFO - Exporting the following env vars:
AIRFLOW_CTX_DAG_OWNER=pipis
AIRFLOW_CTX_DAG_ID=my_sample_dag
AIRFLOW_CTX_TASK_ID=run_this_first
AIRFLOW_CTX_EXECUTION_DATE=2023-03-22T17:20:09.372116+00:00
AIRFLOW_CTX_TRY_NUMBER=1
AIRFLOW_CTX_DAG_RUN_ID=manual__2023-03-22T17:20:09.372116+00:00
[2023-03-22T17:20:10.671+0000] {logging_mixin.py:137} INFO - I am coming first
[2023-03-22T17:20:10.825+0000] {logging_mixin.py:137} WARNING - WARNING: pip is being invoked by an old script wrapper. This will fail in a future version of pip.
Please see https://github.com/pypa/pip/issues/5599 for advice on fixing the underlying issue.
To avoid this problem you can invoke Python with '-m pip' instead of running pip directly.
[2023-03-22T17:20:11.452+0000] {logging_mixin.py:137} INFO - Package                                  Version
[2023-03-22T17:20:11.453+0000] {logging_mixin.py:137} INFO - ---------------------------------------- -----------
[2023-03-22T17:20:11.454+0000] {logging_mixin.py:137} INFO - adal                                     1.2.7
[2023-03-22T17:20:11.454+0000] {logging_mixin.py:137} INFO - aiofiles                                 22.1.0
[2023-03-22T17:20:11.455+0000] {logging_mixin.py:137} INFO - aiohttp                                  3.8.3
[2023-03-22T17:20:11.455+0000] {logging_mixin.py:137} INFO - aiosignal                                1.3.1
[2023-03-22T17:20:11.455+0000] {logging_mixin.py:137} INFO - alembic                                  1.9.2
[2023-03-22T17:20:11.456+0000] {logging_mixin.py:137} INFO - amqp                                     5.1.1
[2023-03-22T17:20:11.456+0000] {logging_mixin.py:137} INFO - anyio                                    3.6.2
[2023-03-22T17:20:11.457+0000] {logging_mixin.py:137} INFO - apache-***                           2.5.1
[2023-03-22T17:20:11.457+0000] {logging_mixin.py:137} INFO - apache-***-providers-amazon          7.1.0
[2023-03-22T17:20:11.458+0000] {logging_mixin.py:137} INFO - apache-***-providers-celery          3.1.0
[2023-03-22T17:20:11.458+0000] {logging_mixin.py:137} INFO - apache-***-providers-cncf-kubernetes 5.1.1
[2023-03-22T17:20:11.458+0000] {logging_mixin.py:137} INFO - apache-***-providers-common-sql      1.3.3
[2023-03-22T17:20:11.459+0000] {logging_mixin.py:137} INFO - apache-***-providers-docker          3.4.0
[2023-03-22T17:20:11.459+0000] {logging_mixin.py:137} INFO - apache-***-providers-elasticsearch   4.3.3
[2023-03-22T17:20:11.459+0000] {logging_mixin.py:137} INFO - apache-***-providers-ftp             3.3.0
[2023-03-22T17:20:11.460+0000] {logging_mixin.py:137} INFO - apache-***-providers-google          8.8.0
[2023-03-22T17:20:11.460+0000] {logging_mixin.py:137} INFO - apache-***-providers-grpc            3.1.0
[2023-03-22T17:20:11.461+0000] {logging_mixin.py:137} INFO - apache-***-providers-hashicorp       3.2.0
[2023-03-22T17:20:11.461+0000] {logging_mixin.py:137} INFO - apache-***-providers-http            4.1.1
[2023-03-22T17:20:11.461+0000] {logging_mixin.py:137} INFO - apache-***-providers-imap            3.1.1
[2023-03-22T17:20:11.462+0000] {logging_mixin.py:137} INFO - apache-***-providers-microsoft-azure 5.1.0
[2023-03-22T17:20:11.462+0000] {logging_mixin.py:137} INFO - apache-***-providers-mysql           4.0.0
[2023-03-22T17:20:11.462+0000] {logging_mixin.py:137} INFO - apache-***-providers-odbc            3.2.1
[2023-03-22T17:20:11.463+0000] {logging_mixin.py:137} INFO - apache-***-providers-postgres        5.4.0
[2023-03-22T17:20:11.463+0000] {logging_mixin.py:137} INFO - apache-***-providers-redis           3.1.0
[2023-03-22T17:20:11.463+0000] {logging_mixin.py:137} INFO - apache-***-providers-sendgrid        3.1.0
[2023-03-22T17:20:11.464+0000] {logging_mixin.py:137} INFO - apache-***-providers-sftp            4.2.1
[2023-03-22T17:20:11.464+0000] {logging_mixin.py:137} INFO - apache-***-providers-slack           7.2.0
[2023-03-22T17:20:11.464+0000] {logging_mixin.py:137} INFO - apache-***-providers-sqlite          3.3.1
[2023-03-22T17:20:11.465+0000] {logging_mixin.py:137} INFO - apache-***-providers-ssh             3.4.0
[2023-03-22T17:20:11.465+0000] {logging_mixin.py:137} INFO - apispec                                  3.3.2
[2023-03-22T17:20:11.466+0000] {logging_mixin.py:137} INFO - argcomplete                              2.0.0
[2023-03-22T17:20:11.466+0000] {logging_mixin.py:137} INFO - asgiref                                  3.6.0
[2023-03-22T17:20:11.466+0000] {logging_mixin.py:137} INFO - asn1crypto                               1.5.1
[2023-03-22T17:20:11.467+0000] {logging_mixin.py:137} INFO - async-timeout                            4.0.2
[2023-03-22T17:20:11.467+0000] {logging_mixin.py:137} INFO - asynctest                                0.13.0
[2023-03-22T17:20:11.467+0000] {logging_mixin.py:137} INFO - attrs                                    22.2.0
[2023-03-22T17:20:11.468+0000] {logging_mixin.py:137} INFO - Authlib                                  1.2.0
[2023-03-22T17:20:11.468+0000] {logging_mixin.py:137} INFO - azure-batch                              13.0.0
[2023-03-22T17:20:11.468+0000] {logging_mixin.py:137} INFO - azure-common                             1.1.28
[2023-03-22T17:20:11.469+0000] {logging_mixin.py:137} INFO - azure-core                               1.26.2
[2023-03-22T17:20:11.469+0000] {logging_mixin.py:137} INFO - azure-cosmos                             4.3.0
[2023-03-22T17:20:11.470+0000] {logging_mixin.py:137} INFO - azure-datalake-store                     0.0.52
[2023-03-22T17:20:11.470+0000] {logging_mixin.py:137} INFO - azure-identity                           1.12.0
[2023-03-22T17:20:11.470+0000] {logging_mixin.py:137} INFO - azure-keyvault-secrets                   4.6.0
[2023-03-22T17:20:11.471+0000] {logging_mixin.py:137} INFO - azure-kusto-data                         0.0.45
[2023-03-22T17:20:11.471+0000] {logging_mixin.py:137} INFO - azure-mgmt-containerinstance             1.5.0
[2023-03-22T17:20:11.471+0000] {logging_mixin.py:137} INFO - azure-mgmt-core                          1.3.2
[2023-03-22T17:20:11.472+0000] {logging_mixin.py:137} INFO - azure-mgmt-datafactory                   1.1.0
[2023-03-22T17:20:11.472+0000] {logging_mixin.py:137} INFO - azure-mgmt-datalake-nspkg                3.0.1
[2023-03-22T17:20:11.472+0000] {logging_mixin.py:137} INFO - azure-mgmt-datalake-store                0.5.0
[2023-03-22T17:20:11.473+0000] {logging_mixin.py:137} INFO - azure-mgmt-nspkg                         3.0.2
[2023-03-22T17:20:11.473+0000] {logging_mixin.py:137} INFO - azure-mgmt-resource                      22.0.0
[2023-03-22T17:20:11.473+0000] {logging_mixin.py:137} INFO - azure-nspkg                              3.0.2
[2023-03-22T17:20:11.474+0000] {logging_mixin.py:137} INFO - azure-servicebus                         7.8.2
[2023-03-22T17:20:11.474+0000] {logging_mixin.py:137} INFO - azure-storage-blob                       12.14.1
[2023-03-22T17:20:11.475+0000] {logging_mixin.py:137} INFO - azure-storage-common                     2.1.0
[2023-03-22T17:20:11.475+0000] {logging_mixin.py:137} INFO - azure-storage-file                       2.1.0
[2023-03-22T17:20:11.475+0000] {logging_mixin.py:137} INFO - azure-storage-file-datalake              12.9.1
[2023-03-22T17:20:11.476+0000] {logging_mixin.py:137} INFO - azure-synapse-spark                      0.7.0
[2023-03-22T17:20:11.476+0000] {logging_mixin.py:137} INFO - Babel                                    2.11.0
[2023-03-22T17:20:11.476+0000] {logging_mixin.py:137} INFO - backoff                                  1.10.0
[2023-03-22T17:20:11.477+0000] {logging_mixin.py:137} INFO - bcrypt                                   4.0.1
[2023-03-22T17:20:11.477+0000] {logging_mixin.py:137} INFO - beautifulsoup4                           4.11.1
[2023-03-22T17:20:11.477+0000] {logging_mixin.py:137} INFO - billiard                                 3.6.4.0
[2023-03-22T17:20:11.478+0000] {logging_mixin.py:137} INFO - blinker                                  1.5
[2023-03-22T17:20:11.478+0000] {logging_mixin.py:137} INFO - boto3                                    1.26.51
[2023-03-22T17:20:11.478+0000] {logging_mixin.py:137} INFO - botocore                                 1.29.51
[2023-03-22T17:20:11.479+0000] {logging_mixin.py:137} INFO - cached-property                          1.5.2
[2023-03-22T17:20:11.479+0000] {logging_mixin.py:137} INFO - cachelib                                 0.9.0
[2023-03-22T17:20:11.479+0000] {logging_mixin.py:137} INFO - cachetools                               4.2.2
[2023-03-22T17:20:11.480+0000] {logging_mixin.py:137} INFO - cattrs                                   22.2.0
[2023-03-22T17:20:11.480+0000] {logging_mixin.py:137} INFO - celery                                   5.2.7
[2023-03-22T17:20:11.480+0000] {logging_mixin.py:137} INFO - certifi                                  2022.12.7
[2023-03-22T17:20:11.481+0000] {logging_mixin.py:137} INFO - cffi                                     1.15.1
[2023-03-22T17:20:11.481+0000] {logging_mixin.py:137} INFO - chardet                                  4.0.0
[2023-03-22T17:20:11.481+0000] {logging_mixin.py:137} INFO - charset-normalizer                       2.1.1
[2023-03-22T17:20:11.482+0000] {logging_mixin.py:137} INFO - click                                    8.1.3
[2023-03-22T17:20:11.482+0000] {logging_mixin.py:137} INFO - click-didyoumean                         0.3.0
[2023-03-22T17:20:11.482+0000] {logging_mixin.py:137} INFO - click-plugins                            1.1.1
[2023-03-22T17:20:11.483+0000] {logging_mixin.py:137} INFO - click-repl                               0.2.0
[2023-03-22T17:20:11.483+0000] {logging_mixin.py:137} INFO - clickclick                               20.10.2
[2023-03-22T17:20:11.484+0000] {logging_mixin.py:137} INFO - cloudpickle                              2.2.0
[2023-03-22T17:20:11.484+0000] {logging_mixin.py:137} INFO - colorama                                 0.4.6
[2023-03-22T17:20:11.484+0000] {logging_mixin.py:137} INFO - colorlog                                 4.8.0
[2023-03-22T17:20:11.485+0000] {logging_mixin.py:137} INFO - commonmark                               0.9.1
[2023-03-22T17:20:11.485+0000] {logging_mixin.py:137} INFO - ConfigUpdater                            3.1.1
[2023-03-22T17:20:11.485+0000] {logging_mixin.py:137} INFO - connexion                                2.14.1
[2023-03-22T17:20:11.486+0000] {logging_mixin.py:137} INFO - cron-descriptor                          1.2.32
[2023-03-22T17:20:11.486+0000] {logging_mixin.py:137} INFO - croniter                                 1.3.8
[2023-03-22T17:20:11.486+0000] {logging_mixin.py:137} INFO - cryptography                             38.0.4
[2023-03-22T17:20:11.487+0000] {logging_mixin.py:137} INFO - dask                                     2022.2.0
[2023-03-22T17:20:11.487+0000] {logging_mixin.py:137} INFO - db-dtypes                                1.0.5
[2023-03-22T17:20:11.487+0000] {logging_mixin.py:137} INFO - decorator                                5.1.1
[2023-03-22T17:20:11.488+0000] {logging_mixin.py:137} INFO - Deprecated                               1.2.13
[2023-03-22T17:20:11.488+0000] {logging_mixin.py:137} INFO - dill                                     0.3.1.1
[2023-03-22T17:20:11.489+0000] {logging_mixin.py:137} INFO - distlib                                  0.3.6
[2023-03-22T17:20:11.489+0000] {logging_mixin.py:137} INFO - distributed                              2022.2.0
[2023-03-22T17:20:11.489+0000] {logging_mixin.py:137} INFO - dnspython                                2.3.0
[2023-03-22T17:20:11.490+0000] {logging_mixin.py:137} INFO - docker                                   6.0.1
[2023-03-22T17:20:11.490+0000] {logging_mixin.py:137} INFO - docutils                                 0.19
[2023-03-22T17:20:11.490+0000] {logging_mixin.py:137} INFO - elasticsearch                            7.13.4
[2023-03-22T17:20:11.491+0000] {logging_mixin.py:137} INFO - elasticsearch-dbapi                      0.2.9
[2023-03-22T17:20:11.491+0000] {logging_mixin.py:137} INFO - elasticsearch-dsl                        7.4.0
[2023-03-22T17:20:11.491+0000] {logging_mixin.py:137} INFO - email-validator                          1.3.0
[2023-03-22T17:20:11.492+0000] {logging_mixin.py:137} INFO - eventlet                                 0.33.3
[2023-03-22T17:20:11.492+0000] {logging_mixin.py:137} INFO - exceptiongroup                           1.1.0
[2023-03-22T17:20:11.492+0000] {logging_mixin.py:137} INFO - filelock                                 3.9.0
[2023-03-22T17:20:11.493+0000] {logging_mixin.py:137} INFO - Flask                                    2.2.2
[2023-03-22T17:20:11.493+0000] {logging_mixin.py:137} INFO - Flask-AppBuilder                         4.1.4
[2023-03-22T17:20:11.493+0000] {logging_mixin.py:137} INFO - Flask-Babel                              2.0.0
[2023-03-22T17:20:11.494+0000] {logging_mixin.py:137} INFO - Flask-Caching                            2.0.2
[2023-03-22T17:20:11.494+0000] {logging_mixin.py:137} INFO - Flask-JWT-Extended                       4.4.4
[2023-03-22T17:20:11.495+0000] {logging_mixin.py:137} INFO - Flask-Login                              0.6.2
[2023-03-22T17:20:11.495+0000] {logging_mixin.py:137} INFO - Flask-Session                            0.4.0
[2023-03-22T17:20:11.495+0000] {logging_mixin.py:137} INFO - Flask-SQLAlchemy                         2.5.1
[2023-03-22T17:20:11.496+0000] {logging_mixin.py:137} INFO - Flask-WTF                                1.1.1
[2023-03-22T17:20:11.496+0000] {logging_mixin.py:137} INFO - flower                                   1.2.0
[2023-03-22T17:20:11.496+0000] {logging_mixin.py:137} INFO - frozenlist                               1.3.3
[2023-03-22T17:20:11.497+0000] {logging_mixin.py:137} INFO - fsspec                                   2022.11.0
[2023-03-22T17:20:11.497+0000] {logging_mixin.py:137} INFO - future                                   0.18.3
[2023-03-22T17:20:11.497+0000] {logging_mixin.py:137} INFO - gcloud-aio-auth                          4.1.5
[2023-03-22T17:20:11.498+0000] {logging_mixin.py:137} INFO - gcloud-aio-bigquery                      6.2.0
[2023-03-22T17:20:11.498+0000] {logging_mixin.py:137} INFO - gcloud-aio-storage                       8.0.0
[2023-03-22T17:20:11.498+0000] {logging_mixin.py:137} INFO - gevent                                   22.10.2
[2023-03-22T17:20:11.499+0000] {logging_mixin.py:137} INFO - google-ads                               18.0.0
[2023-03-22T17:20:11.499+0000] {logging_mixin.py:137} INFO - google-api-core                          2.8.2
[2023-03-22T17:20:11.499+0000] {logging_mixin.py:137} INFO - google-api-python-client                 1.12.11
[2023-03-22T17:20:11.500+0000] {logging_mixin.py:137} INFO - google-auth                              2.16.0
[2023-03-22T17:20:11.500+0000] {logging_mixin.py:137} INFO - google-auth-httplib2                     0.1.0
[2023-03-22T17:20:11.500+0000] {logging_mixin.py:137} INFO - google-auth-oauthlib                     0.8.0
[2023-03-22T17:20:11.501+0000] {logging_mixin.py:137} INFO - google-cloud-aiplatform                  1.16.1
[2023-03-22T17:20:11.501+0000] {logging_mixin.py:137} INFO - google-cloud-appengine-logging           1.1.3
[2023-03-22T17:20:11.501+0000] {logging_mixin.py:137} INFO - google-cloud-audit-log                   0.2.4
[2023-03-22T17:20:11.502+0000] {logging_mixin.py:137} INFO - google-cloud-automl                      2.8.0
[2023-03-22T17:20:11.502+0000] {logging_mixin.py:137} INFO - google-cloud-bigquery                    2.34.4
[2023-03-22T17:20:11.502+0000] {logging_mixin.py:137} INFO - google-cloud-bigquery-datatransfer       3.7.0
[2023-03-22T17:20:11.503+0000] {logging_mixin.py:137} INFO - google-cloud-bigquery-storage            2.14.1
[2023-03-22T17:20:11.503+0000] {logging_mixin.py:137} INFO - google-cloud-bigtable                    1.7.3
[2023-03-22T17:20:11.503+0000] {logging_mixin.py:137} INFO - google-cloud-build                       3.9.0
[2023-03-22T17:20:11.504+0000] {logging_mixin.py:137} INFO - google-cloud-compute                     0.7.0
[2023-03-22T17:20:11.504+0000] {logging_mixin.py:137} INFO - google-cloud-container                   2.11.1
[2023-03-22T17:20:11.505+0000] {logging_mixin.py:137} INFO - google-cloud-core                        2.3.2
[2023-03-22T17:20:11.505+0000] {logging_mixin.py:137} INFO - google-cloud-datacatalog                 3.9.0
[2023-03-22T17:20:11.505+0000] {logging_mixin.py:137} INFO - google-cloud-dataform                    0.2.0
[2023-03-22T17:20:11.506+0000] {logging_mixin.py:137} INFO - google-cloud-dataplex                    1.1.0
[2023-03-22T17:20:11.506+0000] {logging_mixin.py:137} INFO - google-cloud-dataproc                    5.0.0
[2023-03-22T17:20:11.506+0000] {logging_mixin.py:137} INFO - google-cloud-dataproc-metastore          1.6.0
[2023-03-22T17:20:11.507+0000] {logging_mixin.py:137} INFO - google-cloud-dlp                         1.0.2
[2023-03-22T17:20:11.507+0000] {logging_mixin.py:137} INFO - google-cloud-kms                         2.12.0
[2023-03-22T17:20:11.508+0000] {logging_mixin.py:137} INFO - google-cloud-language                    1.3.2
[2023-03-22T17:20:11.508+0000] {logging_mixin.py:137} INFO - google-cloud-logging                     3.2.1
[2023-03-22T17:20:11.509+0000] {logging_mixin.py:137} INFO - google-cloud-memcache                    1.4.1
[2023-03-22T17:20:11.509+0000] {logging_mixin.py:137} INFO - google-cloud-monitoring                  2.11.0
[2023-03-22T17:20:11.509+0000] {logging_mixin.py:137} INFO - google-cloud-orchestration-***       1.4.1
[2023-03-22T17:20:11.510+0000] {logging_mixin.py:137} INFO - google-cloud-os-login                    2.7.1
[2023-03-22T17:20:11.510+0000] {logging_mixin.py:137} INFO - google-cloud-pubsub                      2.13.5
[2023-03-22T17:20:11.510+0000] {logging_mixin.py:137} INFO - google-cloud-redis                       2.9.0
[2023-03-22T17:20:11.511+0000] {logging_mixin.py:137} INFO - google-cloud-resource-manager            1.6.0
[2023-03-22T17:20:11.511+0000] {logging_mixin.py:137} INFO - google-cloud-secret-manager              1.0.2
[2023-03-22T17:20:11.512+0000] {logging_mixin.py:137} INFO - google-cloud-spanner                     1.19.3
[2023-03-22T17:20:11.512+0000] {logging_mixin.py:137} INFO - google-cloud-speech                      1.3.4
[2023-03-22T17:20:11.513+0000] {logging_mixin.py:137} INFO - google-cloud-storage                     2.7.0
[2023-03-22T17:20:11.513+0000] {logging_mixin.py:137} INFO - google-cloud-tasks                       2.10.1
[2023-03-22T17:20:11.513+0000] {logging_mixin.py:137} INFO - google-cloud-texttospeech                1.0.3
[2023-03-22T17:20:11.514+0000] {logging_mixin.py:137} INFO - google-cloud-translate                   1.7.2
[2023-03-22T17:20:11.514+0000] {logging_mixin.py:137} INFO - google-cloud-videointelligence           1.16.3
[2023-03-22T17:20:11.514+0000] {logging_mixin.py:137} INFO - google-cloud-vision                      1.0.2
[2023-03-22T17:20:11.515+0000] {logging_mixin.py:137} INFO - google-cloud-workflows                   1.7.1
[2023-03-22T17:20:11.515+0000] {logging_mixin.py:137} INFO - google-crc32c                            1.5.0
[2023-03-22T17:20:11.516+0000] {logging_mixin.py:137} INFO - google-resumable-media                   2.4.0
[2023-03-22T17:20:11.516+0000] {logging_mixin.py:137} INFO - googleapis-common-protos                 1.56.4
[2023-03-22T17:20:11.516+0000] {logging_mixin.py:137} INFO - graphviz                                 0.20.1
[2023-03-22T17:20:11.517+0000] {logging_mixin.py:137} INFO - greenlet                                 2.0.1
[2023-03-22T17:20:11.517+0000] {logging_mixin.py:137} INFO - grpc-google-iam-v1                       0.12.4
[2023-03-22T17:20:11.517+0000] {logging_mixin.py:137} INFO - grpcio                                   1.51.1
[2023-03-22T17:20:11.518+0000] {logging_mixin.py:137} INFO - grpcio-gcp                               0.2.2
[2023-03-22T17:20:11.518+0000] {logging_mixin.py:137} INFO - grpcio-status                            1.48.2
[2023-03-22T17:20:11.519+0000] {logging_mixin.py:137} INFO - gunicorn                                 20.1.0
[2023-03-22T17:20:11.519+0000] {logging_mixin.py:137} INFO - h11                                      0.14.0
[2023-03-22T17:20:11.519+0000] {logging_mixin.py:137} INFO - HeapDict                                 1.0.1
[2023-03-22T17:20:11.520+0000] {logging_mixin.py:137} INFO - httpcore                                 0.16.3
[2023-03-22T17:20:11.520+0000] {logging_mixin.py:137} INFO - httplib2                                 0.20.4
[2023-03-22T17:20:11.521+0000] {logging_mixin.py:137} INFO - httpx                                    0.23.3
[2023-03-22T17:20:11.521+0000] {logging_mixin.py:137} INFO - humanize                                 4.4.0
[2023-03-22T17:20:11.521+0000] {logging_mixin.py:137} INFO - hvac                                     1.0.2
[2023-03-22T17:20:11.522+0000] {logging_mixin.py:137} INFO - idna                                     3.4
[2023-03-22T17:20:11.522+0000] {logging_mixin.py:137} INFO - importlib-metadata                       4.13.0
[2023-03-22T17:20:11.522+0000] {logging_mixin.py:137} INFO - importlib-resources                      5.10.2
[2023-03-22T17:20:11.523+0000] {logging_mixin.py:137} INFO - inflection                               0.5.1
[2023-03-22T17:20:11.523+0000] {logging_mixin.py:137} INFO - isodate                                  0.6.1
[2023-03-22T17:20:11.523+0000] {logging_mixin.py:137} INFO - itsdangerous                             2.1.2
[2023-03-22T17:20:11.524+0000] {logging_mixin.py:137} INFO - Jinja2                                   3.1.2
[2023-03-22T17:20:11.524+0000] {logging_mixin.py:137} INFO - jmespath                                 0.10.0
[2023-03-22T17:20:11.524+0000] {logging_mixin.py:137} INFO - json-merge-patch                         0.2
[2023-03-22T17:20:11.525+0000] {logging_mixin.py:137} INFO - jsonpath-ng                              1.5.3
[2023-03-22T17:20:11.525+0000] {logging_mixin.py:137} INFO - jsonschema                               4.17.3
[2023-03-22T17:20:11.525+0000] {logging_mixin.py:137} INFO - kombu                                    5.2.4
[2023-03-22T17:20:11.526+0000] {logging_mixin.py:137} INFO - kubernetes                               23.6.0
[2023-03-22T17:20:11.526+0000] {logging_mixin.py:137} INFO - lazy-object-proxy                        1.9.0
[2023-03-22T17:20:11.526+0000] {logging_mixin.py:137} INFO - ldap3                                    2.9.1
[2023-03-22T17:20:11.527+0000] {logging_mixin.py:137} INFO - linkify-it-py                            2.0.0
[2023-03-22T17:20:11.527+0000] {logging_mixin.py:137} INFO - locket                                   1.0.0
[2023-03-22T17:20:11.527+0000] {logging_mixin.py:137} INFO - lockfile                                 0.12.2
[2023-03-22T17:20:11.528+0000] {logging_mixin.py:137} INFO - looker-sdk                               22.20.0
[2023-03-22T17:20:11.528+0000] {logging_mixin.py:137} INFO - lxml                                     4.9.2
[2023-03-22T17:20:11.528+0000] {logging_mixin.py:137} INFO - Mako                                     1.2.4
[2023-03-22T17:20:11.529+0000] {logging_mixin.py:137} INFO - Markdown                                 3.4.1
[2023-03-22T17:20:11.529+0000] {logging_mixin.py:137} INFO - markdown-it-py                           2.1.0
[2023-03-22T17:20:11.529+0000] {logging_mixin.py:137} INFO - MarkupSafe                               2.1.2
[2023-03-22T17:20:11.530+0000] {logging_mixin.py:137} INFO - marshmallow                              3.19.0
[2023-03-22T17:20:11.530+0000] {logging_mixin.py:137} INFO - marshmallow-enum                         1.5.1
[2023-03-22T17:20:11.530+0000] {logging_mixin.py:137} INFO - marshmallow-oneofschema                  3.0.1
[2023-03-22T17:20:11.531+0000] {logging_mixin.py:137} INFO - marshmallow-sqlalchemy                   0.26.1
[2023-03-22T17:20:11.531+0000] {logging_mixin.py:137} INFO - mdit-py-plugins                          0.3.3
[2023-03-22T17:20:11.531+0000] {logging_mixin.py:137} INFO - mdurl                                    0.1.2
[2023-03-22T17:20:11.532+0000] {logging_mixin.py:137} INFO - msal                                     1.20.0
[2023-03-22T17:20:11.532+0000] {logging_mixin.py:137} INFO - msal-extensions                          1.0.0
[2023-03-22T17:20:11.532+0000] {logging_mixin.py:137} INFO - msgpack                                  1.0.4
[2023-03-22T17:20:11.533+0000] {logging_mixin.py:137} INFO - msrest                                   0.7.1
[2023-03-22T17:20:11.533+0000] {logging_mixin.py:137} INFO - msrestazure                              0.6.4
[2023-03-22T17:20:11.533+0000] {logging_mixin.py:137} INFO - multidict                                6.0.4
[2023-03-22T17:20:11.534+0000] {logging_mixin.py:137} INFO - mypy-boto3-appflow                       1.26.32
[2023-03-22T17:20:11.534+0000] {logging_mixin.py:137} INFO - mypy-boto3-rds                           1.26.47
[2023-03-22T17:20:11.535+0000] {logging_mixin.py:137} INFO - mypy-boto3-redshift-data                 1.26.30
[2023-03-22T17:20:11.535+0000] {logging_mixin.py:137} INFO - mysql-connector-python                   8.0.32
[2023-03-22T17:20:11.535+0000] {logging_mixin.py:137} INFO - mysqlclient                              2.1.1
[2023-03-22T17:20:11.536+0000] {logging_mixin.py:137} INFO - numpy                                    1.21.1
[2023-03-22T17:20:11.536+0000] {logging_mixin.py:137} INFO - oauthlib                                 3.2.2
[2023-03-22T17:20:11.536+0000] {logging_mixin.py:137} INFO - packaging                                21.3
[2023-03-22T17:20:11.537+0000] {logging_mixin.py:137} INFO - pandas                                   1.3.5
[2023-03-22T17:20:11.537+0000] {logging_mixin.py:137} INFO - pandas-gbq                               0.17.9
[2023-03-22T17:20:11.537+0000] {logging_mixin.py:137} INFO - paramiko                                 2.12.0
[2023-03-22T17:20:11.538+0000] {logging_mixin.py:137} INFO - partd                                    1.3.0
[2023-03-22T17:20:11.538+0000] {logging_mixin.py:137} INFO - pathspec                                 0.9.0
[2023-03-22T17:20:11.538+0000] {logging_mixin.py:137} INFO - pendulum                                 2.1.2
[2023-03-22T17:20:11.539+0000] {logging_mixin.py:137} INFO - pip                                      22.3.1
[2023-03-22T17:20:11.539+0000] {logging_mixin.py:137} INFO - pkgutil_resolve_name                     1.3.10
[2023-03-22T17:20:11.539+0000] {logging_mixin.py:137} INFO - platformdirs                             2.6.2
[2023-03-22T17:20:11.540+0000] {logging_mixin.py:137} INFO - pluggy                                   1.0.0
[2023-03-22T17:20:11.540+0000] {logging_mixin.py:137} INFO - ply                                      3.11
[2023-03-22T17:20:11.541+0000] {logging_mixin.py:137} INFO - portalocker                              2.6.0
[2023-03-22T17:20:11.541+0000] {logging_mixin.py:137} INFO - prison                                   0.2.1
[2023-03-22T17:20:11.541+0000] {logging_mixin.py:137} INFO - prometheus-client                        0.15.0
[2023-03-22T17:20:11.542+0000] {logging_mixin.py:137} INFO - prompt-toolkit                           3.0.36
[2023-03-22T17:20:11.542+0000] {logging_mixin.py:137} INFO - proto-plus                               1.19.6
[2023-03-22T17:20:11.542+0000] {logging_mixin.py:137} INFO - protobuf                                 3.20.0
[2023-03-22T17:20:11.543+0000] {logging_mixin.py:137} INFO - psutil                                   5.9.4
[2023-03-22T17:20:11.543+0000] {logging_mixin.py:137} INFO - psycopg2-binary                          2.9.5
[2023-03-22T17:20:11.543+0000] {logging_mixin.py:137} INFO - pyarrow                                  9.0.0
[2023-03-22T17:20:11.544+0000] {logging_mixin.py:137} INFO - pyasn1                                   0.4.8
[2023-03-22T17:20:11.544+0000] {logging_mixin.py:137} INFO - pyasn1-modules                           0.2.8
[2023-03-22T17:20:11.544+0000] {logging_mixin.py:137} INFO - pycparser                                2.21
[2023-03-22T17:20:11.545+0000] {logging_mixin.py:137} INFO - pydata-google-auth                       1.5.0
[2023-03-22T17:20:11.545+0000] {logging_mixin.py:137} INFO - Pygments                                 2.14.0
[2023-03-22T17:20:11.545+0000] {logging_mixin.py:137} INFO - pyhcl                                    0.4.4
[2023-03-22T17:20:11.546+0000] {logging_mixin.py:137} INFO - PyJWT                                    2.6.0
[2023-03-22T17:20:11.546+0000] {logging_mixin.py:137} INFO - PyNaCl                                   1.5.0
[2023-03-22T17:20:11.546+0000] {logging_mixin.py:137} INFO - pyodbc                                   4.0.35
[2023-03-22T17:20:11.547+0000] {logging_mixin.py:137} INFO - pyOpenSSL                                22.1.0
[2023-03-22T17:20:11.547+0000] {logging_mixin.py:137} INFO - pyparsing                                3.0.9
[2023-03-22T17:20:11.547+0000] {logging_mixin.py:137} INFO - pyrsistent                               0.19.3
[2023-03-22T17:20:11.548+0000] {logging_mixin.py:137} INFO - python-daemon                            2.3.2
[2023-03-22T17:20:11.548+0000] {logging_mixin.py:137} INFO - python-dateutil                          2.8.2
[2023-03-22T17:20:11.548+0000] {logging_mixin.py:137} INFO - python-dotenv                            0.21.0
[2023-03-22T17:20:11.549+0000] {logging_mixin.py:137} INFO - python-http-client                       3.3.7
[2023-03-22T17:20:11.549+0000] {logging_mixin.py:137} INFO - python-ldap                              3.4.3
[2023-03-22T17:20:11.549+0000] {logging_mixin.py:137} INFO - python-nvd3                              0.15.0
[2023-03-22T17:20:11.550+0000] {logging_mixin.py:137} INFO - python-slugify                           7.0.0
[2023-03-22T17:20:11.550+0000] {logging_mixin.py:137} INFO - pytz                                     2022.7.1
[2023-03-22T17:20:11.551+0000] {logging_mixin.py:137} INFO - pytzdata                                 2020.1
[2023-03-22T17:20:11.551+0000] {logging_mixin.py:137} INFO - PyYAML                                   6.0
[2023-03-22T17:20:11.551+0000] {logging_mixin.py:137} INFO - redis                                    3.5.3
[2023-03-22T17:20:11.552+0000] {logging_mixin.py:137} INFO - redshift-connector                       2.0.909
[2023-03-22T17:20:11.552+0000] {logging_mixin.py:137} INFO - requests                                 2.28.2
[2023-03-22T17:20:11.552+0000] {logging_mixin.py:137} INFO - requests-oauthlib                        1.3.1
[2023-03-22T17:20:11.553+0000] {logging_mixin.py:137} INFO - requests-toolbelt                        0.10.1
[2023-03-22T17:20:11.553+0000] {logging_mixin.py:137} INFO - rfc3986                                  1.5.0
[2023-03-22T17:20:11.553+0000] {logging_mixin.py:137} INFO - rich                                     13.1.0
[2023-03-22T17:20:11.554+0000] {logging_mixin.py:137} INFO - rsa                                      4.9
[2023-03-22T17:20:11.554+0000] {logging_mixin.py:137} INFO - s3transfer                               0.6.0
[2023-03-22T17:20:11.554+0000] {logging_mixin.py:137} INFO - scramp                                   1.4.4
[2023-03-22T17:20:11.555+0000] {logging_mixin.py:137} INFO - sendgrid                                 6.9.7
[2023-03-22T17:20:11.555+0000] {logging_mixin.py:137} INFO - setproctitle                             1.3.2
[2023-03-22T17:20:11.555+0000] {logging_mixin.py:137} INFO - setuptools                               57.5.0
[2023-03-22T17:20:11.556+0000] {logging_mixin.py:137} INFO - six                                      1.16.0
[2023-03-22T17:20:11.556+0000] {logging_mixin.py:137} INFO - slack-sdk                                3.19.5
[2023-03-22T17:20:11.556+0000] {logging_mixin.py:137} INFO - sniffio                                  1.3.0
[2023-03-22T17:20:11.557+0000] {logging_mixin.py:137} INFO - sortedcontainers                         2.4.0
[2023-03-22T17:20:11.557+0000] {logging_mixin.py:137} INFO - soupsieve                                2.3.2.post1
[2023-03-22T17:20:11.557+0000] {logging_mixin.py:137} INFO - SQLAlchemy                               1.4.46
[2023-03-22T17:20:11.558+0000] {logging_mixin.py:137} INFO - sqlalchemy-bigquery                      1.5.0
[2023-03-22T17:20:11.558+0000] {logging_mixin.py:137} INFO - SQLAlchemy-JSONField                     1.0.1.post0
[2023-03-22T17:20:11.558+0000] {logging_mixin.py:137} INFO - sqlalchemy-redshift                      0.8.12
[2023-03-22T17:20:11.559+0000] {logging_mixin.py:137} INFO - SQLAlchemy-Utils                         0.39.0
[2023-03-22T17:20:11.559+0000] {logging_mixin.py:137} INFO - sqlparse                                 0.4.3
[2023-03-22T17:20:11.559+0000] {logging_mixin.py:137} INFO - sshtunnel                                0.4.0
[2023-03-22T17:20:11.560+0000] {logging_mixin.py:137} INFO - starkbank-ecdsa                          2.2.0
[2023-03-22T17:20:11.560+0000] {logging_mixin.py:137} INFO - statsd                                   4.0.1
[2023-03-22T17:20:11.560+0000] {logging_mixin.py:137} INFO - tabulate                                 0.9.0
[2023-03-22T17:20:11.561+0000] {logging_mixin.py:137} INFO - tblib                                    1.7.0
[2023-03-22T17:20:11.561+0000] {logging_mixin.py:137} INFO - tenacity                                 8.1.0
[2023-03-22T17:20:11.561+0000] {logging_mixin.py:137} INFO - termcolor                                2.2.0
[2023-03-22T17:20:11.562+0000] {logging_mixin.py:137} INFO - text-unidecode                           1.3
[2023-03-22T17:20:11.562+0000] {logging_mixin.py:137} INFO - toolz                                    0.12.0
[2023-03-22T17:20:11.562+0000] {logging_mixin.py:137} INFO - tornado                                  6.1
[2023-03-22T17:20:11.563+0000] {logging_mixin.py:137} INFO - typing_extensions                        4.4.0
[2023-03-22T17:20:11.563+0000] {logging_mixin.py:137} INFO - uamqp                                    1.6.3
[2023-03-22T17:20:11.563+0000] {logging_mixin.py:137} INFO - uc-micro-py                              1.0.1
[2023-03-22T17:20:11.564+0000] {logging_mixin.py:137} INFO - unicodecsv                               0.14.1
[2023-03-22T17:20:11.564+0000] {logging_mixin.py:137} INFO - uritemplate                              3.0.1
[2023-03-22T17:20:11.565+0000] {logging_mixin.py:137} INFO - urllib3                                  1.26.14
[2023-03-22T17:20:11.565+0000] {logging_mixin.py:137} INFO - vine                                     5.0.0
[2023-03-22T17:20:11.565+0000] {logging_mixin.py:137} INFO - virtualenv                               20.17.1
[2023-03-22T17:20:11.566+0000] {logging_mixin.py:137} INFO - watchtower                               2.0.1
[2023-03-22T17:20:11.566+0000] {logging_mixin.py:137} INFO - wcwidth                                  0.2.6
[2023-03-22T17:20:11.566+0000] {logging_mixin.py:137} INFO - websocket-client                         1.4.2
[2023-03-22T17:20:11.567+0000] {logging_mixin.py:137} INFO - Werkzeug                                 2.2.2
[2023-03-22T17:20:11.567+0000] {logging_mixin.py:137} INFO - wheel                                    0.38.4
[2023-03-22T17:20:11.567+0000] {logging_mixin.py:137} INFO - wrapt                                    1.14.1
[2023-03-22T17:20:11.568+0000] {logging_mixin.py:137} INFO - WTForms                                  3.0.1
[2023-03-22T17:20:11.568+0000] {logging_mixin.py:137} INFO - yarl                                     1.8.2
[2023-03-22T17:20:11.568+0000] {logging_mixin.py:137} INFO - zict                                     2.2.0
[2023-03-22T17:20:11.569+0000] {logging_mixin.py:137} INFO - zipp                                     3.11.0
[2023-03-22T17:20:11.569+0000] {logging_mixin.py:137} INFO - zope.event                               4.6
[2023-03-22T17:20:11.569+0000] {logging_mixin.py:137} INFO - zope.interface                           5.5.2
[2023-03-22T17:20:12.168+0000] {logging_mixin.py:137} WARNING - 
[notice] A new release of pip available: 22.3.1 -> 23.0.1
[notice] To update, run: python -m pip install --upgrade pip
[2023-03-22T17:20:12.170+0000] {logging_mixin.py:137} INFO - 0
[2023-03-22T17:20:12.171+0000] {python.py:177} INFO - Done. Returned value was: None
[2023-03-22T17:20:12.179+0000] {taskinstance.py:1323} INFO - Marking task as SUCCESS. dag_id=my_sample_dag, task_id=run_this_first, execution_date=20230322T172009, start_date=20230322T172010, end_date=20230322T172012
[2023-03-22T17:20:12.211+0000] {local_task_job.py:208} INFO - Task exited with return code 0
[2023-03-22T17:20:12.229+0000] {taskinstance.py:2578} INFO - 1 downstream tasks scheduled from follow-on schedule check
