[2023-03-22T14:54:45.961+0000] {taskinstance.py:1083} INFO - Dependencies all met for <TaskInstance: my_sample_dag.run_this_first manual__2023-03-22T14:54:44.626819+00:00 [queued]>
[2023-03-22T14:54:45.969+0000] {taskinstance.py:1083} INFO - Dependencies all met for <TaskInstance: my_sample_dag.run_this_first manual__2023-03-22T14:54:44.626819+00:00 [queued]>
[2023-03-22T14:54:45.969+0000] {taskinstance.py:1279} INFO - 
--------------------------------------------------------------------------------
[2023-03-22T14:54:45.969+0000] {taskinstance.py:1280} INFO - Starting attempt 1 of 1
[2023-03-22T14:54:45.969+0000] {taskinstance.py:1281} INFO - 
--------------------------------------------------------------------------------
[2023-03-22T14:54:45.983+0000] {taskinstance.py:1300} INFO - Executing <Task(PythonOperator): run_this_first> on 2023-03-22 14:54:44.626819+00:00
[2023-03-22T14:54:45.989+0000] {standard_task_runner.py:55} INFO - Started process 14898 to run task
[2023-03-22T14:54:45.991+0000] {standard_task_runner.py:82} INFO - Running: ['***', 'tasks', 'run', 'my_sample_dag', 'run_this_first', 'manual__2023-03-22T14:54:44.626819+00:00', '--job-id', '4', '--raw', '--subdir', 'DAGS_FOLDER/my_test_dag.py', '--cfg-path', '/tmp/tmp9trx99hy']
[2023-03-22T14:54:45.992+0000] {standard_task_runner.py:83} INFO - Job 4: Subtask run_this_first
[2023-03-22T14:54:46.037+0000] {task_command.py:388} INFO - Running <TaskInstance: my_sample_dag.run_this_first manual__2023-03-22T14:54:44.626819+00:00 [running]> on host cb49c70fb705
[2023-03-22T14:54:46.094+0000] {taskinstance.py:1509} INFO - Exporting the following env vars:
AIRFLOW_CTX_DAG_OWNER=pipis
AIRFLOW_CTX_DAG_ID=my_sample_dag
AIRFLOW_CTX_TASK_ID=run_this_first
AIRFLOW_CTX_EXECUTION_DATE=2023-03-22T14:54:44.626819+00:00
AIRFLOW_CTX_TRY_NUMBER=1
AIRFLOW_CTX_DAG_RUN_ID=manual__2023-03-22T14:54:44.626819+00:00
[2023-03-22T14:54:46.095+0000] {logging_mixin.py:137} INFO - I am coming first
[2023-03-22T14:54:46.095+0000] {python.py:177} INFO - Done. Returned value was: None
[2023-03-22T14:54:46.103+0000] {taskinstance.py:1323} INFO - Marking task as SUCCESS. dag_id=my_sample_dag, task_id=run_this_first, execution_date=20230322T145444, start_date=20230322T145445, end_date=20230322T145446
[2023-03-22T14:54:46.123+0000] {local_task_job.py:208} INFO - Task exited with return code 0
[2023-03-22T14:54:46.166+0000] {taskinstance.py:2578} INFO - 1 downstream tasks scheduled from follow-on schedule check
